<?xml version="1.0" encoding="UTF-8"?>
<testExecutions version="1">
  <file path="/Users/nestorcanales/Documents/Personal-Projects/next/soccer-ui/__tests__/index.spec.tsx">
  </file>
</testExecutions>